<?xml version="1.0" encoding="UTF-8"?>
<!-- Generated by org.testng.reporters.JUnitReportReporter -->
<testsuite hostname="Raj-GMST" failures="0" tests="1" name="login" time="8.947" errors="0" timestamp="2022-02-16T12:25:22 GMT" skipped="0">
  <testcase classname="login" name="login" time="8.947"/>
  <system-out/>
</testsuite> <!-- login -->
